#-----------------------------------------------------------
# Vivado v2019.2 (64-bit)
# SW Build 2708876 on Wed Nov  6 21:40:23 MST 2019
# IP Build 2700528 on Thu Nov  7 00:09:20 MST 2019
# Start of session at: Tue Sep  7 12:44:37 2021
# Process ID: 22692
# Current directory: D:/CODING/VivadoProjects/bitmips/lab3/single_cycle
# Command line: vivado.exe -gui_launcher_event rodinguilauncherevent23160 D:\CODING\VivadoProjects\bitmips\lab3\single_cycle\single_cycle.xpr
# Log file: D:/CODING/VivadoProjects/bitmips/lab3/single_cycle/vivado.log
# Journal file: D:/CODING/VivadoProjects/bitmips/lab3/single_cycle\vivado.jou
#-----------------------------------------------------------
start_gui
open_project D:/CODING/VivadoProjects/bitmips/lab3/single_cycle/single_cycle.xpr
Scanning sources...
Finished scanning sources
INFO: [IP_Flow 19-234] Refreshing IP repositories
INFO: [IP_Flow 19-1704] No user IP repositories specified
INFO: [IP_Flow 19-2313] Loaded Vivado IP repository 'D:/Xilinx/Vivado/2019.2/data/ip'.
open_project: Time (s): cpu = 00:00:12 ; elapsed = 00:00:06 . Memory (MB): peak = 762.582 ; gain = 153.805
update_compile_order -fileset sources_1
exit
INFO: [Common 17-206] Exiting Vivado at Tue Sep  7 12:46:08 2021...
