#-----------------------------------------------------------
# Vivado v2019.2 (64-bit)
# SW Build 2708876 on Wed Nov  6 21:40:23 MST 2019
# IP Build 2700528 on Thu Nov  7 00:09:20 MST 2019
# Start of session at: Sun Sep  5 15:44:54 2021
# Process ID: 20452
# Current directory: D:/CODING/VivadoProjects/bitmips/lab3/single_cycle
# Command line: vivado.exe -gui_launcher_event rodinguilauncherevent21024 D:\CODING\VivadoProjects\bitmips\lab3\single_cycle\single_cycle.xpr
# Log file: D:/CODING/VivadoProjects/bitmips/lab3/single_cycle/vivado.log
# Journal file: D:/CODING/VivadoProjects/bitmips/lab3/single_cycle\vivado.jou
#-----------------------------------------------------------
start_gui
open_project D:/CODING/VivadoProjects/bitmips/lab3/single_cycle/single_cycle.xpr
Scanning sources...
Finished scanning sources
INFO: [IP_Flow 19-234] Refreshing IP repositories
INFO: [IP_Flow 19-1704] No user IP repositories specified
INFO: [IP_Flow 19-2313] Loaded Vivado IP repository 'D:/Xilinx/Vivado/2019.2/data/ip'.
open_project: Time (s): cpu = 00:00:13 ; elapsed = 00:00:05 . Memory (MB): peak = 793.430 ; gain = 153.777
update_compile_order -fileset sources_1
exit
INFO: [Common 17-206] Exiting Vivado at Sun Sep  5 15:45:31 2021...
